

Started GET "/en/about" for 127.0.0.1 at 2011-12-20 16:54:43 +0000
  Processing by AboutController#index as HTML
  Parameters: {"locale"=>"en"}
MONGODB bef_development['abouts'].find({}).limit(-1)
MONGODB bef_development['images'].find({:featured=>true}).sort([:order_no, :asc])
MONGODB bef_development['$cmd'].find({"count"=>"images", "query"=>{:featured=>true}, "fields"=>nil}).limit(-1)
Rendered about/index.html.haml within layouts/application (8.9ms)
Completed 500 Internal Server Error in 18ms

ActionView::Template::Error (Calling Document#find with nil is invalid):
0  app/views/about/index.html.haml:29:in `_app_views_about_index_html_haml__3708296131043214598_70102019952140_4559631860563360986'
  lib/serve_gridfs_image.rb:10:in `call'

Rendered /Users/Daren/.rvm/gems/ruby-1.9.2-p290@bef_r309/gems/actionpack-3.0.9/lib/action_dispatch/middleware/templates/rescues/_trace.erb (1.2ms)
Rendered /Users/Daren/.rvm/gems/ruby-1.9.2-p290@bef_r309/gems/actionpack-3.0.9/lib/action_dispatch/middleware/templates/rescues/_request_and_response.erb (3.2ms)
Rendered /Users/Daren/.rvm/gems/ruby-1.9.2-p290@bef_r309/gems/actionpack-3.0.9/lib/action_dispatch/middleware/templates/rescues/template_error.erb within rescues/layout (8.0ms)
DEPRECATION WARNING: config.action_view.debug_rjs will be removed in 3.1, from 3.1 onwards you will need to install prototype-rails to continue to use RJS templates . (called from <top (required)> at /Users/Daren/Rails/bef/config/environment.rb:8)
MONGODB [WARNING] Please note that logging negatively impacts client-side performance. You should set your logging level no lower than :info in production.
MONGODB admin['$cmd'].find({:ismaster=>1}).limit(-1)
DEPRECATION WARNING: ActionMailer::Base.default_charset=value is deprecated, use default :charset => value instead. (called from <top (required)> at /Users/Daren/Rails/bef/config/initializers/mailer.rb:2)


Started GET "/en/about" for 127.0.0.1 at 2011-12-20 16:58:15 +0000
  Processing by AboutController#index as HTML
  Parameters: {"locale"=>"en"}
MONGODB bef_development['abouts'].find({}).limit(-1)
MONGODB bef_development['images'].find({:featured=>true}).sort([:order_no, :asc])
MONGODB bef_development['$cmd'].find({"count"=>"images", "query"=>{:featured=>true}, "fields"=>nil}).limit(-1)
Rendered about/index.html.haml within layouts/application (15.7ms)
Completed 500 Internal Server Error in 26ms

ActionView::Template::Error (Calling Document#find with nil is invalid):
0  app/views/about/index.html.haml:29:in `_app_views_about_index_html_haml__3922031211148218303_70202027774720__1626079388070961306'
  lib/serve_gridfs_image.rb:10:in `call'

Rendered /Users/Daren/.rvm/gems/ruby-1.9.2-p290@bef_r309/gems/actionpack-3.0.9/lib/action_dispatch/middleware/templates/rescues/_trace.erb (1.3ms)
Rendered /Users/Daren/.rvm/gems/ruby-1.9.2-p290@bef_r309/gems/actionpack-3.0.9/lib/action_dispatch/middleware/templates/rescues/_request_and_response.erb (3.3ms)
Rendered /Users/Daren/.rvm/gems/ruby-1.9.2-p290@bef_r309/gems/actionpack-3.0.9/lib/action_dispatch/middleware/templates/rescues/template_error.erb within rescues/layout (9.3ms)
DEPRECATION WARNING: config.action_view.debug_rjs will be removed in 3.1, from 3.1 onwards you will need to install prototype-rails to continue to use RJS templates . (called from <top (required)> at /Users/Daren/Rails/bef/config/environment.rb:8)
MONGODB [WARNING] Please note that logging negatively impacts client-side performance. You should set your logging level no lower than :info in production.
MONGODB admin['$cmd'].find({:ismaster=>1}).limit(-1)
DEPRECATION WARNING: ActionMailer::Base.default_charset=value is deprecated, use default :charset => value instead. (called from <top (required)> at /Users/Daren/Rails/bef/config/initializers/mailer.rb:2)


Started GET "/" for 127.0.0.1 at 2011-12-20 18:00:40 +0000


Started GET "/" for 127.0.0.1 at 2011-12-20 18:04:10 +0000


Started GET "/en/about" for 127.0.0.1 at 2011-12-20 18:04:10 +0000
  Processing by AboutController#index as HTML
  Parameters: {"locale"=>"en"}
MONGODB bef_development['abouts'].find({}).limit(-1)
MONGODB bef_development['images'].find({:featured=>true}).sort([:order_no, :asc])
MONGODB bef_development['$cmd'].find({"count"=>"images", "query"=>{:featured=>true}, "fields"=>nil}).limit(-1)
Rendered shared/script/_google_analytics.html.haml (1.9ms)
Rendered shared/_logo.html.haml (2.0ms)
Rendered shared/navigation/_site.html.haml (4.2ms)
MONGODB bef_development['$cmd'].find({"count"=>"portraits", "query"=>{:featured=>true}, "fields"=>nil}).limit(-1)
MONGODB bef_development['portraits'].find({:featured=>true}).sort([:order_no, :asc])
Rendered shared/footer/_admin.html.haml (1.9ms)
Rendered shared/footer/_copyright.html.haml (7.8ms)
Rendered shared/footer/_madeby.html.haml (3.1ms)
Rendered about/index.html.haml within layouts/application (297.5ms)
Completed 200 OK in 1036ms (Views: 328.7ms)


Started GET "/grid/image/image/4e2d86e9399c4633ba000054/gallery_Kitchenette.jpg" for 127.0.0.1 at 2011-12-20 18:04:16 +0000
MONGODB bef_development['system.indexes'].insert([{:name=>"filename_1_uploadDate_-1", :ns=>"bef_development.fs.files", :key=>{"filename"=>1, "uploadDate"=>-1}}])
MONGODB bef_development['system.indexes'].insert([{:name=>"files_id_1_n_1", :ns=>"bef_development.fs.chunks", :key=>{"files_id"=>1, "n"=>1}, :unique=>true}])
MONGODB bef_development['fs.files'].find({"filename"=>"image/image/4e2d86e9399c4633ba000054/gallery_Kitchenette.jpg"}).limit(1).sort([["filename", 1], ["uploadDate", -1]])
MONGODB bef_development['fs.chunks'].find({"files_id"=>BSON::ObjectId('4e2ed048399c46c24300000b'), "n"=>0})


Started GET "/grid/portrait/image/4ef07778399c4627b6000001/gallery_IMG_0111.jpg" for 127.0.0.1 at 2011-12-20 18:04:17 +0000
MONGODB bef_development['system.indexes'].insert([{:name=>"filename_1_uploadDate_-1", :ns=>"bef_development.fs.files", :key=>{"filename"=>1, "uploadDate"=>-1}}])
MONGODB bef_development['system.indexes'].insert([{:name=>"files_id_1_n_1", :ns=>"bef_development.fs.chunks", :key=>{"files_id"=>1, "n"=>1}, :unique=>true}])
MONGODB bef_development['fs.files'].find({"filename"=>"portrait/image/4ef07778399c4627b6000001/gallery_IMG_0111.jpg"}).limit(1).sort([["filename", 1], ["uploadDate", -1]])
MONGODB bef_development['fs.chunks'].find({"files_id"=>BSON::ObjectId('4ef079e2399c4627b600002a'), "n"=>0})


Started GET "/grid/image/image/4e2d86ba399c4633ba000042/gallery_Kitchen.jpg" for 127.0.0.1 at 2011-12-20 18:04:17 +0000
MONGODB bef_development['system.indexes'].insert([{:name=>"filename_1_uploadDate_-1", :ns=>"bef_development.fs.files", :key=>{"filename"=>1, "uploadDate"=>-1}}])
MONGODB bef_development['system.indexes'].insert([{:name=>"files_id_1_n_1", :ns=>"bef_development.fs.chunks", :key=>{"files_id"=>1, "n"=>1}, :unique=>true}])
MONGODB bef_development['fs.files'].find({"filename"=>"image/image/4e2d86ba399c4633ba000042/gallery_Kitchen.jpg"}).limit(1).sort([["filename", 1], ["uploadDate", -1]])
MONGODB bef_development['fs.chunks'].find({"files_id"=>BSON::ObjectId('4e2ed057399c46c243000012'), "n"=>0})


Started GET "/en/apartments" for 127.0.0.1 at 2011-12-20 18:04:23 +0000
  Processing by ApartmentsController#index as HTML
  Parameters: {"locale"=>"en"}
MONGODB bef_development['abouts'].find({}).limit(-1)
MONGODB bef_development['apartments'].find({}).sort([:order_no, :asc])
MONGODB bef_development['photos'].find({:featured=>true, :apartment_id=>"studio-apartment-2-esq"}, {:_id=>1}).limit(-1)
MONGODB bef_development['photos'].find({:featured=>true, :apartment_id=>"studio-apartment-2-esq"})
MONGODB bef_development['photos'].find({:featured=>true, :apartment_id=>"1-bed-apartment-ground-floor"}, {:_id=>1}).limit(-1)
MONGODB bef_development['photos'].find({:featured=>true, :apartment_id=>"1-bed-apartment-ground-floor"})
MONGODB bef_development['photos'].find({:featured=>true, :apartment_id=>"studio-apartment-2-dto"}, {:_id=>1}).limit(-1)
MONGODB bef_development['photos'].find({:featured=>true, :apartment_id=>"studio-apartment-2-dto"})
MONGODB bef_development['photos'].find({:featured=>true, :apartment_id=>"other"}, {:_id=>1}).limit(-1)
MONGODB bef_development['photos'].find({:featured=>true, :apartment_id=>"other"})
Rendered shared/script/_google_analytics.html.haml (1.6ms)
Rendered shared/_logo.html.haml (1.8ms)
Rendered shared/navigation/_site.html.haml (4.5ms)
Rendered shared/footer/_admin.html.haml (2.1ms)
Rendered shared/footer/_copyright.html.haml (6.4ms)
Rendered shared/footer/_madeby.html.haml (60.7ms)
Rendered apartments/index.html.haml within layouts/application (145.1ms)
Completed 200 OK in 158ms (Views: 157.1ms)


Started GET "/grid/photo/image/4ef08e6e399c46ad13000011/list_IMG_0152.jpg" for 127.0.0.1 at 2011-12-20 18:04:24 +0000
MONGODB bef_development['system.indexes'].insert([{:name=>"filename_1_uploadDate_-1", :ns=>"bef_development.fs.files", :key=>{"filename"=>1, "uploadDate"=>-1}}])
MONGODB bef_development['system.indexes'].insert([{:name=>"files_id_1_n_1", :ns=>"bef_development.fs.chunks", :key=>{"files_id"=>1, "n"=>1}, :unique=>true}])
MONGODB bef_development['fs.files'].find({"filename"=>"photo/image/4ef08e6e399c46ad13000011/list_IMG_0152.jpg"}).limit(1).sort([["filename", 1], ["uploadDate", -1]])
MONGODB bef_development['fs.chunks'].find({"files_id"=>BSON::ObjectId('4ef08e70399c46ad1300001d'), "n"=>0})


Started GET "/en/apartments/studio-apartment-2-esq" for 127.0.0.1 at 2011-12-20 18:04:25 +0000
  Processing by ApartmentsController#show as HTML
  Parameters: {"locale"=>"en", "id"=>"studio-apartment-2-esq"}
MONGODB bef_development['apartments'].find({:_id=>"studio-apartment-2-esq"}).limit(-1)
MONGODB bef_development['photos'].find({:apartment_id=>"studio-apartment-2-esq"}, {:_id=>1}).limit(-1)
MONGODB bef_development['photos'].find({:apartment_id=>"studio-apartment-2-esq"}).sort([:order_no, :asc])
Rendered shared/script/_galleria.html.haml (1.8ms)
Rendered shared/script/_google_analytics.html.haml (1.7ms)
Rendered shared/_logo.html.haml (1.8ms)
Rendered shared/navigation/_site.html.haml (4.5ms)
Rendered shared/footer/_admin.html.haml (3.3ms)
Rendered shared/footer/_copyright.html.haml (61.0ms)
Rendered shared/footer/_madeby.html.haml (3.4ms)
Rendered apartments/show.html.haml within layouts/application (162.6ms)
Completed 200 OK in 187ms (Views: 185.7ms)
DEPRECATION WARNING: config.action_view.debug_rjs will be removed in 3.1, from 3.1 onwards you will need to install prototype-rails to continue to use RJS templates . (called from <top (required)> at /Users/Daren/Rails/bef/config/environment.rb:8)
MONGODB [WARNING] Please note that logging negatively impacts client-side performance. You should set your logging level no lower than :info in production.
MONGODB admin['$cmd'].find({:ismaster=>1}).limit(-1)
DEPRECATION WARNING: ActionMailer::Base.default_charset=value is deprecated, use default :charset => value instead. (called from <top (required)> at /Users/Daren/Rails/bef/config/initializers/mailer.rb:2)


Started GET "/grid/photo/image/4ef08e6e399c46ad13000011/apartment_IMG_0152.jpg" for 127.0.0.1 at 2011-12-20 18:04:28 +0000
MONGODB bef_development['system.indexes'].insert([{:name=>"filename_1_uploadDate_-1", :ns=>"bef_development.fs.files", :key=>{"filename"=>1, "uploadDate"=>-1}}])
MONGODB bef_development['system.indexes'].insert([{:name=>"files_id_1_n_1", :ns=>"bef_development.fs.chunks", :key=>{"files_id"=>1, "n"=>1}, :unique=>true}])
MONGODB bef_development['fs.files'].find({"filename"=>"photo/image/4ef08e6e399c46ad13000011/apartment_IMG_0152.jpg"}).limit(1).sort([["filename", 1], ["uploadDate", -1]])
MONGODB bef_development['fs.chunks'].find({"files_id"=>BSON::ObjectId('4ef08e70399c46ad1300001b'), "n"=>0})


Started GET "/grid/portrait/image/4ef075f0399c461bc6000002/gallery_Screen_shot_2011-11-01_at_3.15.22_PM.png" for 127.0.0.1 at 2011-12-20 18:04:30 +0000
MONGODB bef_development['system.indexes'].insert([{:name=>"filename_1_uploadDate_-1", :ns=>"bef_development.fs.files", :key=>{"filename"=>1, "uploadDate"=>-1}}])
MONGODB bef_development['system.indexes'].insert([{:name=>"files_id_1_n_1", :ns=>"bef_development.fs.chunks", :key=>{"files_id"=>1, "n"=>1}, :unique=>true}])
MONGODB bef_development['fs.files'].find({"filename"=>"portrait/image/4ef075f0399c461bc6000002/gallery_Screen_shot_2011-11-01_at_3.15.22_PM.png"}).limit(1).sort([["filename", 1], ["uploadDate", -1]])
MONGODB bef_development['fs.chunks'].find({"files_id"=>BSON::ObjectId('4ef079f5399c4627b600002f'), "n"=>0})


Started GET "/grid/image/image/4e2d86b0399c4633ba00003b/gallery_Studio.jpg" for 127.0.0.1 at 2011-12-20 18:04:30 +0000
MONGODB bef_development['system.indexes'].insert([{:name=>"filename_1_uploadDate_-1", :ns=>"bef_development.fs.files", :key=>{"filename"=>1, "uploadDate"=>-1}}])
MONGODB bef_development['system.indexes'].insert([{:name=>"files_id_1_n_1", :ns=>"bef_development.fs.chunks", :key=>{"files_id"=>1, "n"=>1}, :unique=>true}])
MONGODB bef_development['fs.files'].find({"filename"=>"image/image/4e2d86b0399c4633ba00003b/gallery_Studio.jpg"}).limit(1).sort([["filename", 1], ["uploadDate", -1]])
MONGODB bef_development['fs.chunks'].find({"files_id"=>BSON::ObjectId('4e2ed02a399c46c243000004'), "n"=>0})


Started GET "/en/contact/new" for 127.0.0.1 at 2011-12-20 18:04:34 +0000
  Processing by SupportsController#new as HTML
  Parameters: {"locale"=>"en"}
MONGODB bef_development['abouts'].find({}).limit(-1)
MONGODB bef_development['apartments'].find({}).sort([[:name, :desc]])
Rendered shared/script/_google_analytics.html.haml (1.6ms)
Rendered shared/_logo.html.haml (1.7ms)
Rendered shared/navigation/_site.html.haml (4.2ms)
Rendered shared/footer/_admin.html.haml (1.9ms)
Rendered shared/footer/_copyright.html.haml (6.0ms)
Rendered shared/footer/_madeby.html.haml (3.3ms)
Rendered supports/new.html.haml within layouts/application (107.3ms)
Completed 200 OK in 150ms (Views: 148.9ms)


Started POST "/en/contact" for 127.0.0.1 at 2011-12-20 18:04:36 +0000
  Processing by SupportsController#create as HTML
  Parameters: {"utf8"=>"✓", "authenticity_token"=>"tQD2Xsb40kh45kabGiZ6rMdQNICysOcP3d9buiJ65tg=", "support"=>{"type"=>"Enquiry", "apartment"=>"Studio Apartment 2 B", "name"=>"", "email"=>"", "content"=>""}, "commit"=>"Send your request", "locale"=>"en"}
MONGODB bef_development['abouts'].find({}).limit(-1)
MONGODB bef_development['apartments'].find({}).sort([[:name, :desc]])
Rendered shared/script/_google_analytics.html.haml (1.7ms)
Rendered shared/_logo.html.haml (1.9ms)
Rendered shared/navigation/_site.html.haml (4.3ms)
Rendered shared/footer/_admin.html.haml (2.0ms)
Rendered shared/footer/_copyright.html.haml (5.9ms)
Rendered shared/footer/_madeby.html.haml (55.1ms)
Rendered supports/new.html.haml within layouts/application (106.3ms)
Completed 200 OK in 117ms (Views: 108.7ms)


Started GET "/en/about" for 127.0.0.1 at 2011-12-20 18:04:38 +0000
  Processing by AboutController#index as HTML
  Parameters: {"locale"=>"en"}
MONGODB bef_development['abouts'].find({}).limit(-1)
MONGODB bef_development['images'].find({:featured=>true}).sort([:order_no, :asc])
MONGODB bef_development['$cmd'].find({"count"=>"images", "query"=>{:featured=>true}, "fields"=>nil}).limit(-1)
Rendered shared/script/_google_analytics.html.haml (2.2ms)
Rendered shared/_logo.html.haml (2.7ms)
Rendered shared/navigation/_site.html.haml (5.6ms)
MONGODB bef_development['$cmd'].find({"count"=>"portraits", "query"=>{:featured=>true}, "fields"=>nil}).limit(-1)
MONGODB bef_development['portraits'].find({:featured=>true}).sort([:order_no, :asc])
Rendered shared/footer/_admin.html.haml (2.9ms)
Rendered shared/footer/_copyright.html.haml (7.7ms)
Rendered shared/footer/_madeby.html.haml (4.4ms)
Rendered about/index.html.haml within layouts/application (117.9ms)
Completed 200 OK in 129ms (Views: 127.1ms)


Started GET "/grid/image/image/4e2d86e9399c4633ba000054/gallery_Kitchenette.jpg" for 127.0.0.1 at 2011-12-20 18:04:39 +0000


Started GET "/grid/portrait/image/4ef075f0399c461bc6000002/gallery_Screen_shot_2011-11-01_at_3.15.22_PM.png" for 127.0.0.1 at 2011-12-20 18:04:39 +0000
MONGODB bef_development['system.indexes'].insert([{:name=>"filename_1_uploadDate_-1", :ns=>"bef_development.fs.files", :key=>{"filename"=>1, "uploadDate"=>-1}}])
MONGODB bef_development['system.indexes'].insert([{:name=>"files_id_1_n_1", :ns=>"bef_development.fs.chunks", :key=>{"files_id"=>1, "n"=>1}, :unique=>true}])
MONGODB bef_development['fs.files'].find({"filename"=>"portrait/image/4ef075f0399c461bc6000002/gallery_Screen_shot_2011-11-01_at_3.15.22_PM.png"}).limit(1).sort([["filename", 1], ["uploadDate", -1]])
MONGODB bef_development['fs.chunks'].find({"files_id"=>BSON::ObjectId('4ef079f5399c4627b600002f'), "n"=>0})


Started GET "/grid/portrait/image/4ef07778399c4627b6000001/gallery_IMG_0111.jpg" for 127.0.0.1 at 2011-12-20 18:04:39 +0000
MONGODB bef_development['system.indexes'].insert([{:name=>"filename_1_uploadDate_-1", :ns=>"bef_development.fs.files", :key=>{"filename"=>1, "uploadDate"=>-1}}])
MONGODB bef_development['system.indexes'].insert([{:name=>"files_id_1_n_1", :ns=>"bef_development.fs.chunks", :key=>{"files_id"=>1, "n"=>1}, :unique=>true}])
MONGODB bef_development['fs.files'].find({"filename"=>"image/image/4e2d86e9399c4633ba000054/gallery_Kitchenette.jpg"}).limit(1).sort([["filename", 1], ["uploadDate", -1]])
MONGODB bef_development['fs.chunks'].find({"files_id"=>BSON::ObjectId('4e2ed048399c46c24300000b'), "n"=>0})


Started GET "/grid/image/image/4e2d86b0399c4633ba00003b/gallery_Studio.jpg" for 127.0.0.1 at 2011-12-20 18:04:40 +0000
MONGODB bef_development['system.indexes'].insert([{:name=>"filename_1_uploadDate_-1", :ns=>"bef_development.fs.files", :key=>{"filename"=>1, "uploadDate"=>-1}}])
MONGODB bef_development['system.indexes'].insert([{:name=>"files_id_1_n_1", :ns=>"bef_development.fs.chunks", :key=>{"files_id"=>1, "n"=>1}, :unique=>true}])
MONGODB bef_development['fs.files'].find({"filename"=>"portrait/image/4ef07778399c4627b6000001/gallery_IMG_0111.jpg"}).limit(1).sort([["filename", 1], ["uploadDate", -1]])
MONGODB bef_development['fs.chunks'].find({"files_id"=>BSON::ObjectId('4ef079e2399c4627b600002a'), "n"=>0})
MONGODB bef_development['system.indexes'].insert([{:name=>"filename_1_uploadDate_-1", :ns=>"bef_development.fs.files", :key=>{"filename"=>1, "uploadDate"=>-1}}])
MONGODB bef_development['system.indexes'].insert([{:name=>"files_id_1_n_1", :ns=>"bef_development.fs.chunks", :key=>{"files_id"=>1, "n"=>1}, :unique=>true}])
MONGODB bef_development['fs.files'].find({"filename"=>"image/image/4e2d86b0399c4633ba00003b/gallery_Studio.jpg"}).limit(1).sort([["filename", 1], ["uploadDate", -1]])
MONGODB bef_development['fs.chunks'].find({"files_id"=>BSON::ObjectId('4e2ed02a399c46c243000004'), "n"=>0})


Started GET "/grid/image/image/4e2d86ba399c4633ba000042/gallery_Kitchen.jpg" for 127.0.0.1 at 2011-12-20 18:04:40 +0000
MONGODB bef_development['system.indexes'].insert([{:name=>"filename_1_uploadDate_-1", :ns=>"bef_development.fs.files", :key=>{"filename"=>1, "uploadDate"=>-1}}])
MONGODB bef_development['system.indexes'].insert([{:name=>"files_id_1_n_1", :ns=>"bef_development.fs.chunks", :key=>{"files_id"=>1, "n"=>1}, :unique=>true}])
MONGODB bef_development['fs.files'].find({"filename"=>"image/image/4e2d86ba399c4633ba000042/gallery_Kitchen.jpg"}).limit(1).sort([["filename", 1], ["uploadDate", -1]])
MONGODB bef_development['fs.chunks'].find({"files_id"=>BSON::ObjectId('4e2ed057399c46c243000012'), "n"=>0})
DEPRECATION WARNING: config.action_view.debug_rjs will be removed in 3.1, from 3.1 onwards you will need to install prototype-rails to continue to use RJS templates . (called from <top (required)> at /Users/Daren/Rails/bef/config/environment.rb:8)
MONGODB [WARNING] Please note that logging negatively impacts client-side performance. You should set your logging level no lower than :info in production.
MONGODB admin['$cmd'].find({:ismaster=>1}).limit(-1)
DEPRECATION WARNING: ActionMailer::Base.default_charset=value is deprecated, use default :charset => value instead. (called from <top (required)> at /Users/Daren/Rails/bef/config/initializers/mailer.rb:2)


Started GET "/" for 127.0.0.1 at 2011-12-20 18:34:58 +0000


Started GET "/en/about" for 127.0.0.1 at 2011-12-20 18:34:59 +0000
  Processing by AboutController#index as HTML
  Parameters: {"locale"=>"en"}
MONGODB bef_development['abouts'].find({}).limit(-1)
MONGODB bef_development['images'].find({:featured=>true}).sort([:order_no, :asc])
MONGODB bef_development['$cmd'].find({"count"=>"images", "query"=>{:featured=>true}, "fields"=>nil}).limit(-1)
Rendered shared/script/_google_analytics.html.haml (1.8ms)
Rendered shared/_logo.html.haml (2.2ms)
Rendered shared/navigation/_site.html.haml (5.0ms)
MONGODB bef_development['$cmd'].find({"count"=>"portraits", "query"=>{:featured=>true}, "fields"=>nil}).limit(-1)
MONGODB bef_development['portraits'].find({:featured=>true}).sort([:order_no, :asc])
Rendered shared/footer/_admin.html.haml (2.4ms)
Rendered shared/footer/_copyright.html.haml (7.5ms)
Rendered shared/footer/_madeby.html.haml (4.0ms)
Rendered about/index.html.haml within layouts/application (375.4ms)
Completed 200 OK in 535ms (Views: 533.0ms)


Started GET "/grid/portrait/image/4ef075f0399c461bc6000002/gallery_Screen_shot_2011-11-01_at_3.15.22_PM.png" for 127.0.0.1 at 2011-12-20 18:35:01 +0000
MONGODB bef_development['system.indexes'].insert([{:name=>"filename_1_uploadDate_-1", :ns=>"bef_development.fs.files", :key=>{"filename"=>1, "uploadDate"=>-1}}])
MONGODB bef_development['system.indexes'].insert([{:name=>"files_id_1_n_1", :ns=>"bef_development.fs.chunks", :key=>{"files_id"=>1, "n"=>1}, :unique=>true}])
MONGODB bef_development['fs.files'].find({"filename"=>"portrait/image/4ef075f0399c461bc6000002/gallery_Screen_shot_2011-11-01_at_3.15.22_PM.png"}).limit(1).sort([["filename", 1], ["uploadDate", -1]])
MONGODB bef_development['fs.chunks'].find({"files_id"=>BSON::ObjectId('4ef079f5399c4627b600002f'), "n"=>0})


Started GET "/grid/image/image/4e2d86e9399c4633ba000054/gallery_Kitchenette.jpg" for 127.0.0.1 at 2011-12-20 18:35:01 +0000
MONGODB bef_development['system.indexes'].insert([{:name=>"filename_1_uploadDate_-1", :ns=>"bef_development.fs.files", :key=>{"filename"=>1, "uploadDate"=>-1}}])
MONGODB bef_development['system.indexes'].insert([{:name=>"files_id_1_n_1", :ns=>"bef_development.fs.chunks", :key=>{"files_id"=>1, "n"=>1}, :unique=>true}])
MONGODB bef_development['fs.files'].find({"filename"=>"image/image/4e2d86e9399c4633ba000054/gallery_Kitchenette.jpg"}).limit(1).sort([["filename", 1], ["uploadDate", -1]])
MONGODB bef_development['fs.chunks'].find({"files_id"=>BSON::ObjectId('4e2ed048399c46c24300000b'), "n"=>0})


Started GET "/grid/portrait/image/4ef07778399c4627b6000001/gallery_IMG_0111.jpg" for 127.0.0.1 at 2011-12-20 18:35:02 +0000
MONGODB bef_development['system.indexes'].insert([{:name=>"filename_1_uploadDate_-1", :ns=>"bef_development.fs.files", :key=>{"filename"=>1, "uploadDate"=>-1}}])
MONGODB bef_development['system.indexes'].insert([{:name=>"files_id_1_n_1", :ns=>"bef_development.fs.chunks", :key=>{"files_id"=>1, "n"=>1}, :unique=>true}])
MONGODB bef_development['fs.files'].find({"filename"=>"portrait/image/4ef07778399c4627b6000001/gallery_IMG_0111.jpg"}).limit(1).sort([["filename", 1], ["uploadDate", -1]])
MONGODB bef_development['fs.chunks'].find({"files_id"=>BSON::ObjectId('4ef079e2399c4627b600002a'), "n"=>0})
DEPRECATION WARNING: config.action_view.debug_rjs will be removed in 3.1, from 3.1 onwards you will need to install prototype-rails to continue to use RJS templates . (called from <top (required)> at /Users/Daren/Rails/bef/config/environment.rb:8)
MONGODB [WARNING] Please note that logging negatively impacts client-side performance. You should set your logging level no lower than :info in production.
MONGODB admin['$cmd'].find({:ismaster=>1}).limit(-1)
DEPRECATION WARNING: ActionMailer::Base.default_charset=value is deprecated, use default :charset => value instead. (called from <top (required)> at /Users/Daren/Rails/bef/config/initializers/mailer.rb:2)


Started GET "/grid/image/image/4e2d86ba399c4633ba000042/gallery_Kitchen.jpg" for 127.0.0.1 at 2011-12-20 18:35:15 +0000
MONGODB bef_development['system.indexes'].insert([{:name=>"filename_1_uploadDate_-1", :ns=>"bef_development.fs.files", :key=>{"filename"=>1, "uploadDate"=>-1}}])
MONGODB bef_development['system.indexes'].insert([{:name=>"files_id_1_n_1", :ns=>"bef_development.fs.chunks", :key=>{"files_id"=>1, "n"=>1}, :unique=>true}])
MONGODB bef_development['fs.files'].find({"filename"=>"image/image/4e2d86ba399c4633ba000042/gallery_Kitchen.jpg"}).limit(1).sort([["filename", 1], ["uploadDate", -1]])
MONGODB bef_development['fs.chunks'].find({"files_id"=>BSON::ObjectId('4e2ed057399c46c243000012'), "n"=>0})


Started GET "/grid/image/image/4e2d86b0399c4633ba00003b/gallery_Studio.jpg" for 127.0.0.1 at 2011-12-20 18:35:15 +0000
MONGODB bef_development['system.indexes'].insert([{:name=>"filename_1_uploadDate_-1", :ns=>"bef_development.fs.files", :key=>{"filename"=>1, "uploadDate"=>-1}}])
MONGODB bef_development['system.indexes'].insert([{:name=>"files_id_1_n_1", :ns=>"bef_development.fs.chunks", :key=>{"files_id"=>1, "n"=>1}, :unique=>true}])
MONGODB bef_development['fs.files'].find({"filename"=>"image/image/4e2d86b0399c4633ba00003b/gallery_Studio.jpg"}).limit(1).sort([["filename", 1], ["uploadDate", -1]])
MONGODB bef_development['fs.chunks'].find({"files_id"=>BSON::ObjectId('4e2ed02a399c46c243000004'), "n"=>0})


Started GET "/en/about" for 127.0.0.1 at 2011-12-20 18:36:01 +0000
  Processing by AboutController#index as HTML
  Parameters: {"locale"=>"en"}
MONGODB bef_development['abouts'].find({}).limit(-1)
MONGODB bef_development['images'].find({:featured=>true}).sort([:order_no, :asc])
MONGODB bef_development['$cmd'].find({"count"=>"images", "query"=>{:featured=>true}, "fields"=>nil}).limit(-1)
Rendered shared/script/_google_analytics.html.haml (1.6ms)
Rendered shared/_logo.html.haml (1.8ms)
Rendered shared/navigation/_site.html.haml (4.2ms)
MONGODB bef_development['$cmd'].find({"count"=>"portraits", "query"=>{:featured=>true}, "fields"=>nil}).limit(-1)
MONGODB bef_development['portraits'].find({:featured=>true}).sort([:order_no, :asc])
Rendered shared/footer/_admin.html.haml (2.1ms)
Rendered shared/footer/_copyright.html.haml (6.4ms)
Rendered shared/footer/_madeby.html.haml (3.9ms)
Rendered about/index.html.haml within layouts/application (101.0ms)
Completed 200 OK in 110ms (Views: 108.9ms)


Started GET "/grid/image/image/4e2d86b0399c4633ba00003b/gallery_Studio.jpg" for 127.0.0.1 at 2011-12-20 18:36:02 +0000


Started GET "/grid/image/image/4e2d86e9399c4633ba000054/gallery_Kitchenette.jpg" for 127.0.0.1 at 2011-12-20 18:36:02 +0000
MONGODB bef_development['system.indexes'].insert([{:name=>"filename_1_uploadDate_-1", :ns=>"bef_development.fs.files", :key=>{"filename"=>1, "uploadDate"=>-1}}])
MONGODB bef_development['system.indexes'].insert([{:name=>"files_id_1_n_1", :ns=>"bef_development.fs.chunks", :key=>{"files_id"=>1, "n"=>1}, :unique=>true}])
MONGODB bef_development['fs.files'].find({"filename"=>"image/image/4e2d86b0399c4633ba00003b/gallery_Studio.jpg"}).limit(1).sort([["filename", 1], ["uploadDate", -1]])
MONGODB bef_development['fs.chunks'].find({"files_id"=>BSON::ObjectId('4e2ed02a399c46c243000004'), "n"=>0})


Started GET "/grid/portrait/image/4ef07778399c4627b6000001/gallery_IMG_0111.jpg" for 127.0.0.1 at 2011-12-20 18:36:03 +0000
MONGODB bef_development['system.indexes'].insert([{:name=>"filename_1_uploadDate_-1", :ns=>"bef_development.fs.files", :key=>{"filename"=>1, "uploadDate"=>-1}}])
MONGODB bef_development['system.indexes'].insert([{:name=>"files_id_1_n_1", :ns=>"bef_development.fs.chunks", :key=>{"files_id"=>1, "n"=>1}, :unique=>true}])
MONGODB bef_development['fs.files'].find({"filename"=>"image/image/4e2d86e9399c4633ba000054/gallery_Kitchenette.jpg"}).limit(1).sort([["filename", 1], ["uploadDate", -1]])
MONGODB bef_development['fs.chunks'].find({"files_id"=>BSON::ObjectId('4e2ed048399c46c24300000b'), "n"=>0})


Started GET "/grid/portrait/image/4ef075f0399c461bc6000002/gallery_Screen_shot_2011-11-01_at_3.15.22_PM.png" for 127.0.0.1 at 2011-12-20 18:36:03 +0000
MONGODB bef_development['system.indexes'].insert([{:name=>"filename_1_uploadDate_-1", :ns=>"bef_development.fs.files", :key=>{"filename"=>1, "uploadDate"=>-1}}])
MONGODB bef_development['system.indexes'].insert([{:name=>"files_id_1_n_1", :ns=>"bef_development.fs.chunks", :key=>{"files_id"=>1, "n"=>1}, :unique=>true}])
MONGODB bef_development['fs.files'].find({"filename"=>"portrait/image/4ef075f0399c461bc6000002/gallery_Screen_shot_2011-11-01_at_3.15.22_PM.png"}).limit(1).sort([["filename", 1], ["uploadDate", -1]])
MONGODB bef_development['fs.chunks'].find({"files_id"=>BSON::ObjectId('4ef079f5399c4627b600002f'), "n"=>0})
MONGODB bef_development['system.indexes'].insert([{:name=>"filename_1_uploadDate_-1", :ns=>"bef_development.fs.files", :key=>{"filename"=>1, "uploadDate"=>-1}}])
MONGODB bef_development['system.indexes'].insert([{:name=>"files_id_1_n_1", :ns=>"bef_development.fs.chunks", :key=>{"files_id"=>1, "n"=>1}, :unique=>true}])
MONGODB bef_development['fs.files'].find({"filename"=>"portrait/image/4ef07778399c4627b6000001/gallery_IMG_0111.jpg"}).limit(1).sort([["filename", 1], ["uploadDate", -1]])
MONGODB bef_development['fs.chunks'].find({"files_id"=>BSON::ObjectId('4ef079e2399c4627b600002a'), "n"=>0})


Started GET "/grid/image/image/4e2d86ba399c4633ba000042/gallery_Kitchen.jpg" for 127.0.0.1 at 2011-12-20 18:36:03 +0000
MONGODB bef_development['system.indexes'].insert([{:name=>"filename_1_uploadDate_-1", :ns=>"bef_development.fs.files", :key=>{"filename"=>1, "uploadDate"=>-1}}])
MONGODB bef_development['system.indexes'].insert([{:name=>"files_id_1_n_1", :ns=>"bef_development.fs.chunks", :key=>{"files_id"=>1, "n"=>1}, :unique=>true}])
MONGODB bef_development['fs.files'].find({"filename"=>"image/image/4e2d86ba399c4633ba000042/gallery_Kitchen.jpg"}).limit(1).sort([["filename", 1], ["uploadDate", -1]])
MONGODB bef_development['fs.chunks'].find({"files_id"=>BSON::ObjectId('4e2ed057399c46c243000012'), "n"=>0})


Started GET "/en/about" for 127.0.0.1 at 2011-12-20 18:36:32 +0000
  Processing by AboutController#index as HTML
  Parameters: {"locale"=>"en"}
MONGODB bef_development['abouts'].find({}).limit(-1)
MONGODB bef_development['images'].find({:featured=>true}).sort([:order_no, :asc])
MONGODB bef_development['$cmd'].find({"count"=>"images", "query"=>{:featured=>true}, "fields"=>nil}).limit(-1)
Rendered shared/script/_google_analytics.html.haml (1.5ms)
Rendered shared/_logo.html.haml (1.7ms)
Rendered shared/navigation/_site.html.haml (3.9ms)
MONGODB bef_development['$cmd'].find({"count"=>"portraits", "query"=>{:featured=>true}, "fields"=>nil}).limit(-1)
MONGODB bef_development['portraits'].find({:featured=>true}).sort([:order_no, :asc])
Rendered shared/footer/_admin.html.haml (1.9ms)
Rendered shared/footer/_copyright.html.haml (5.9ms)
Rendered shared/footer/_madeby.html.haml (3.1ms)
Rendered about/index.html.haml within layouts/application (98.9ms)
Completed 200 OK in 108ms (Views: 106.7ms)


Started GET "/grid/image/image/4e2d86b0399c4633ba00003b/gallery_Studio.jpg" for 127.0.0.1 at 2011-12-20 18:36:33 +0000


Started GET "/grid/image/image/4e2d86e9399c4633ba000054/gallery_Kitchenette.jpg" for 127.0.0.1 at 2011-12-20 18:36:33 +0000
MONGODB bef_development['system.indexes'].insert([{:name=>"filename_1_uploadDate_-1", :ns=>"bef_development.fs.files", :key=>{"filename"=>1, "uploadDate"=>-1}}])
MONGODB bef_development['system.indexes'].insert([{:name=>"files_id_1_n_1", :ns=>"bef_development.fs.chunks", :key=>{"files_id"=>1, "n"=>1}, :unique=>true}])
MONGODB bef_development['fs.files'].find({"filename"=>"image/image/4e2d86b0399c4633ba00003b/gallery_Studio.jpg"}).limit(1).sort([["filename", 1], ["uploadDate", -1]])
MONGODB bef_development['fs.chunks'].find({"files_id"=>BSON::ObjectId('4e2ed02a399c46c243000004'), "n"=>0})
MONGODB bef_development['system.indexes'].insert([{:name=>"filename_1_uploadDate_-1", :ns=>"bef_development.fs.files", :key=>{"filename"=>1, "uploadDate"=>-1}}])
MONGODB bef_development['system.indexes'].insert([{:name=>"files_id_1_n_1", :ns=>"bef_development.fs.chunks", :key=>{"files_id"=>1, "n"=>1}, :unique=>true}])
MONGODB bef_development['fs.files'].find({"filename"=>"image/image/4e2d86e9399c4633ba000054/gallery_Kitchenette.jpg"}).limit(1).sort([["filename", 1], ["uploadDate", -1]])
MONGODB bef_development['fs.chunks'].find({"files_id"=>BSON::ObjectId('4e2ed048399c46c24300000b'), "n"=>0})


Started GET "/grid/portrait/image/4ef075f0399c461bc6000002/gallery_Screen_shot_2011-11-01_at_3.15.22_PM.png" for 127.0.0.1 at 2011-12-20 18:36:33 +0000


Started GET "/grid/portrait/image/4ef07778399c4627b6000001/gallery_IMG_0111.jpg" for 127.0.0.1 at 2011-12-20 18:36:33 +0000
MONGODB bef_development['system.indexes'].insert([{:name=>"filename_1_uploadDate_-1", :ns=>"bef_development.fs.files", :key=>{"filename"=>1, "uploadDate"=>-1}}])
MONGODB bef_development['system.indexes'].insert([{:name=>"files_id_1_n_1", :ns=>"bef_development.fs.chunks", :key=>{"files_id"=>1, "n"=>1}, :unique=>true}])
MONGODB bef_development['fs.files'].find({"filename"=>"portrait/image/4ef075f0399c461bc6000002/gallery_Screen_shot_2011-11-01_at_3.15.22_PM.png"}).limit(1).sort([["filename", 1], ["uploadDate", -1]])
MONGODB bef_development['fs.chunks'].find({"files_id"=>BSON::ObjectId('4ef079f5399c4627b600002f'), "n"=>0})
MONGODB bef_development['system.indexes'].insert([{:name=>"filename_1_uploadDate_-1", :ns=>"bef_development.fs.files", :key=>{"filename"=>1, "uploadDate"=>-1}}])
MONGODB bef_development['system.indexes'].insert([{:name=>"files_id_1_n_1", :ns=>"bef_development.fs.chunks", :key=>{"files_id"=>1, "n"=>1}, :unique=>true}])
MONGODB bef_development['fs.files'].find({"filename"=>"portrait/image/4ef07778399c4627b6000001/gallery_IMG_0111.jpg"}).limit(1).sort([["filename", 1], ["uploadDate", -1]])
MONGODB bef_development['fs.chunks'].find({"files_id"=>BSON::ObjectId('4ef079e2399c4627b600002a'), "n"=>0})


Started GET "/grid/image/image/4e2d86ba399c4633ba000042/gallery_Kitchen.jpg" for 127.0.0.1 at 2011-12-20 18:36:34 +0000
MONGODB bef_development['system.indexes'].insert([{:name=>"filename_1_uploadDate_-1", :ns=>"bef_development.fs.files", :key=>{"filename"=>1, "uploadDate"=>-1}}])
MONGODB bef_development['system.indexes'].insert([{:name=>"files_id_1_n_1", :ns=>"bef_development.fs.chunks", :key=>{"files_id"=>1, "n"=>1}, :unique=>true}])
MONGODB bef_development['fs.files'].find({"filename"=>"image/image/4e2d86ba399c4633ba000042/gallery_Kitchen.jpg"}).limit(1).sort([["filename", 1], ["uploadDate", -1]])
MONGODB bef_development['fs.chunks'].find({"files_id"=>BSON::ObjectId('4e2ed057399c46c243000012'), "n"=>0})


Started GET "/en/about" for 127.0.0.1 at 2011-12-20 18:36:44 +0000
  Processing by AboutController#index as HTML
  Parameters: {"locale"=>"en"}
MONGODB bef_development['abouts'].find({}).limit(-1)
MONGODB bef_development['images'].find({:featured=>true}).sort([:order_no, :asc])
MONGODB bef_development['$cmd'].find({"count"=>"images", "query"=>{:featured=>true}, "fields"=>nil}).limit(-1)
Rendered shared/script/_google_analytics.html.haml (1.6ms)
Rendered shared/_logo.html.haml (1.9ms)
Rendered shared/navigation/_site.html.haml (4.2ms)
MONGODB bef_development['$cmd'].find({"count"=>"portraits", "query"=>{:featured=>true}, "fields"=>nil}).limit(-1)
MONGODB bef_development['portraits'].find({:featured=>true}).sort([:order_no, :asc])
Rendered shared/footer/_admin.html.haml (1.9ms)
Rendered shared/footer/_copyright.html.haml (5.6ms)
Rendered shared/footer/_madeby.html.haml (3.0ms)
Rendered about/index.html.haml within layouts/application (52.2ms)
Completed 200 OK in 66ms (Views: 59.7ms)


Started GET "/grid/portrait/image/4ef07778399c4627b6000001/gallery_IMG_0111.jpg" for 127.0.0.1 at 2011-12-20 18:36:44 +0000


Started GET "/grid/portrait/image/4ef075f0399c461bc6000002/gallery_Screen_shot_2011-11-01_at_3.15.22_PM.png" for 127.0.0.1 at 2011-12-20 18:36:44 +0000
MONGODB bef_development['system.indexes'].insert([{:name=>"filename_1_uploadDate_-1", :ns=>"bef_development.fs.files", :key=>{"filename"=>1, "uploadDate"=>-1}}])
MONGODB bef_development['system.indexes'].insert([{:name=>"files_id_1_n_1", :ns=>"bef_development.fs.chunks", :key=>{"files_id"=>1, "n"=>1}, :unique=>true}])
MONGODB bef_development['fs.files'].find({"filename"=>"portrait/image/4ef07778399c4627b6000001/gallery_IMG_0111.jpg"}).limit(1).sort([["filename", 1], ["uploadDate", -1]])
MONGODB bef_development['fs.chunks'].find({"files_id"=>BSON::ObjectId('4ef079e2399c4627b600002a'), "n"=>0})
MONGODB bef_development['system.indexes'].insert([{:name=>"filename_1_uploadDate_-1", :ns=>"bef_development.fs.files", :key=>{"filename"=>1, "uploadDate"=>-1}}])
MONGODB bef_development['system.indexes'].insert([{:name=>"files_id_1_n_1", :ns=>"bef_development.fs.chunks", :key=>{"files_id"=>1, "n"=>1}, :unique=>true}])
MONGODB bef_development['fs.files'].find({"filename"=>"portrait/image/4ef075f0399c461bc6000002/gallery_Screen_shot_2011-11-01_at_3.15.22_PM.png"}).limit(1).sort([["filename", 1], ["uploadDate", -1]])
MONGODB bef_development['fs.chunks'].find({"files_id"=>BSON::ObjectId('4ef079f5399c4627b600002f'), "n"=>0})


Started GET "/grid/image/image/4e2d86ba399c4633ba000042/gallery_Kitchen.jpg" for 127.0.0.1 at 2011-12-20 18:36:45 +0000


Started GET "/grid/image/image/4e2d86e9399c4633ba000054/gallery_Kitchenette.jpg" for 127.0.0.1 at 2011-12-20 18:36:45 +0000
MONGODB bef_development['system.indexes'].insert([{:name=>"filename_1_uploadDate_-1", :ns=>"bef_development.fs.files", :key=>{"filename"=>1, "uploadDate"=>-1}}])
MONGODB bef_development['system.indexes'].insert([{:name=>"files_id_1_n_1", :ns=>"bef_development.fs.chunks", :key=>{"files_id"=>1, "n"=>1}, :unique=>true}])
MONGODB bef_development['fs.files'].find({"filename"=>"image/image/4e2d86e9399c4633ba000054/gallery_Kitchenette.jpg"}).limit(1).sort([["filename", 1], ["uploadDate", -1]])
MONGODB bef_development['fs.chunks'].find({"files_id"=>BSON::ObjectId('4e2ed048399c46c24300000b'), "n"=>0})


Started GET "/grid/image/image/4e2d86b0399c4633ba00003b/gallery_Studio.jpg" for 127.0.0.1 at 2011-12-20 18:36:45 +0000
MONGODB bef_development['system.indexes'].insert([{:name=>"filename_1_uploadDate_-1", :ns=>"bef_development.fs.files", :key=>{"filename"=>1, "uploadDate"=>-1}}])
MONGODB bef_development['system.indexes'].insert([{:name=>"files_id_1_n_1", :ns=>"bef_development.fs.chunks", :key=>{"files_id"=>1, "n"=>1}, :unique=>true}])
MONGODB bef_development['fs.files'].find({"filename"=>"image/image/4e2d86ba399c4633ba000042/gallery_Kitchen.jpg"}).limit(1).sort([["filename", 1], ["uploadDate", -1]])
MONGODB bef_development['fs.chunks'].find({"files_id"=>BSON::ObjectId('4e2ed057399c46c243000012'), "n"=>0})
MONGODB bef_development['system.indexes'].insert([{:name=>"filename_1_uploadDate_-1", :ns=>"bef_development.fs.files", :key=>{"filename"=>1, "uploadDate"=>-1}}])
MONGODB bef_development['system.indexes'].insert([{:name=>"files_id_1_n_1", :ns=>"bef_development.fs.chunks", :key=>{"files_id"=>1, "n"=>1}, :unique=>true}])
MONGODB bef_development['fs.files'].find({"filename"=>"image/image/4e2d86b0399c4633ba00003b/gallery_Studio.jpg"}).limit(1).sort([["filename", 1], ["uploadDate", -1]])
MONGODB bef_development['fs.chunks'].find({"files_id"=>BSON::ObjectId('4e2ed02a399c46c243000004'), "n"=>0})


Started GET "/en/about" for 127.0.0.1 at 2011-12-20 18:36:59 +0000
  Processing by AboutController#index as HTML
  Parameters: {"locale"=>"en"}
MONGODB bef_development['abouts'].find({}).limit(-1)
MONGODB bef_development['images'].find({:featured=>true}).sort([:order_no, :asc])
MONGODB bef_development['$cmd'].find({"count"=>"images", "query"=>{:featured=>true}, "fields"=>nil}).limit(-1)
Rendered shared/script/_google_analytics.html.haml (1.6ms)
Rendered shared/_logo.html.haml (1.8ms)
Rendered shared/navigation/_site.html.haml (3.9ms)
MONGODB bef_development['$cmd'].find({"count"=>"portraits", "query"=>{:featured=>true}, "fields"=>nil}).limit(-1)
MONGODB bef_development['portraits'].find({:featured=>true}).sort([:order_no, :asc])
Rendered shared/footer/_admin.html.haml (1.9ms)
Rendered shared/footer/_copyright.html.haml (5.9ms)
Rendered shared/footer/_madeby.html.haml (3.1ms)
Rendered about/index.html.haml within layouts/application (51.7ms)
Completed 200 OK in 62ms (Views: 60.0ms)


Started GET "/grid/image/image/4e2d86b0399c4633ba00003b/gallery_Studio.jpg" for 127.0.0.1 at 2011-12-20 18:37:00 +0000


Started GET "/grid/image/image/4e2d86e9399c4633ba000054/gallery_Kitchenette.jpg" for 127.0.0.1 at 2011-12-20 18:37:00 +0000
MONGODB bef_development['system.indexes'].insert([{:name=>"filename_1_uploadDate_-1", :ns=>"bef_development.fs.files", :key=>{"filename"=>1, "uploadDate"=>-1}}])
MONGODB bef_development['system.indexes'].insert([{:name=>"files_id_1_n_1", :ns=>"bef_development.fs.chunks", :key=>{"files_id"=>1, "n"=>1}, :unique=>true}])
MONGODB bef_development['fs.files'].find({"filename"=>"image/image/4e2d86b0399c4633ba00003b/gallery_Studio.jpg"}).limit(1).sort([["filename", 1], ["uploadDate", -1]])
MONGODB bef_development['fs.chunks'].find({"files_id"=>BSON::ObjectId('4e2ed02a399c46c243000004'), "n"=>0})


Started GET "/grid/portrait/image/4ef075f0399c461bc6000002/gallery_Screen_shot_2011-11-01_at_3.15.22_PM.png" for 127.0.0.1 at 2011-12-20 18:37:01 +0000
MONGODB bef_development['system.indexes'].insert([{:name=>"filename_1_uploadDate_-1", :ns=>"bef_development.fs.files", :key=>{"filename"=>1, "uploadDate"=>-1}}])
MONGODB bef_development['system.indexes'].insert([{:name=>"files_id_1_n_1", :ns=>"bef_development.fs.chunks", :key=>{"files_id"=>1, "n"=>1}, :unique=>true}])
MONGODB bef_development['fs.files'].find({"filename"=>"image/image/4e2d86e9399c4633ba000054/gallery_Kitchenette.jpg"}).limit(1).sort([["filename", 1], ["uploadDate", -1]])
MONGODB bef_development['fs.chunks'].find({"files_id"=>BSON::ObjectId('4e2ed048399c46c24300000b'), "n"=>0})


Started GET "/grid/portrait/image/4ef07778399c4627b6000001/gallery_IMG_0111.jpg" for 127.0.0.1 at 2011-12-20 18:37:01 +0000
MONGODB bef_development['system.indexes'].insert([{:name=>"filename_1_uploadDate_-1", :ns=>"bef_development.fs.files", :key=>{"filename"=>1, "uploadDate"=>-1}}])
MONGODB bef_development['system.indexes'].insert([{:name=>"files_id_1_n_1", :ns=>"bef_development.fs.chunks", :key=>{"files_id"=>1, "n"=>1}, :unique=>true}])
MONGODB bef_development['fs.files'].find({"filename"=>"portrait/image/4ef07778399c4627b6000001/gallery_IMG_0111.jpg"}).limit(1).sort([["filename", 1], ["uploadDate", -1]])
MONGODB bef_development['fs.chunks'].find({"files_id"=>BSON::ObjectId('4ef079e2399c4627b600002a'), "n"=>0})


Started GET "/grid/image/image/4e2d86ba399c4633ba000042/gallery_Kitchen.jpg" for 127.0.0.1 at 2011-12-20 18:37:01 +0000
MONGODB bef_development['system.indexes'].insert([{:name=>"filename_1_uploadDate_-1", :ns=>"bef_development.fs.files", :key=>{"filename"=>1, "uploadDate"=>-1}}])
MONGODB bef_development['system.indexes'].insert([{:name=>"files_id_1_n_1", :ns=>"bef_development.fs.chunks", :key=>{"files_id"=>1, "n"=>1}, :unique=>true}])
MONGODB bef_development['fs.files'].find({"filename"=>"portrait/image/4ef075f0399c461bc6000002/gallery_Screen_shot_2011-11-01_at_3.15.22_PM.png"}).limit(1).sort([["filename", 1], ["uploadDate", -1]])
MONGODB bef_development['fs.chunks'].find({"files_id"=>BSON::ObjectId('4ef079f5399c4627b600002f'), "n"=>0})
MONGODB bef_development['system.indexes'].insert([{:name=>"filename_1_uploadDate_-1", :ns=>"bef_development.fs.files", :key=>{"filename"=>1, "uploadDate"=>-1}}])
MONGODB bef_development['system.indexes'].insert([{:name=>"files_id_1_n_1", :ns=>"bef_development.fs.chunks", :key=>{"files_id"=>1, "n"=>1}, :unique=>true}])
MONGODB bef_development['fs.files'].find({"filename"=>"image/image/4e2d86ba399c4633ba000042/gallery_Kitchen.jpg"}).limit(1).sort([["filename", 1], ["uploadDate", -1]])
MONGODB bef_development['fs.chunks'].find({"files_id"=>BSON::ObjectId('4e2ed057399c46c243000012'), "n"=>0})


Started GET "/en/about" for 127.0.0.1 at 2011-12-20 18:37:10 +0000
  Processing by AboutController#index as HTML
  Parameters: {"locale"=>"en"}
MONGODB bef_development['abouts'].find({}).limit(-1)
MONGODB bef_development['images'].find({:featured=>true}).sort([:order_no, :asc])
MONGODB bef_development['$cmd'].find({"count"=>"images", "query"=>{:featured=>true}, "fields"=>nil}).limit(-1)
Rendered shared/script/_google_analytics.html.haml (2.0ms)
Rendered shared/_logo.html.haml (1.9ms)
Rendered shared/navigation/_site.html.haml (4.2ms)
MONGODB bef_development['$cmd'].find({"count"=>"portraits", "query"=>{:featured=>true}, "fields"=>nil}).limit(-1)
MONGODB bef_development['portraits'].find({:featured=>true}).sort([:order_no, :asc])
Rendered shared/footer/_admin.html.haml (1.9ms)
Rendered shared/footer/_copyright.html.haml (5.9ms)
Rendered shared/footer/_madeby.html.haml (52.8ms)
Rendered about/index.html.haml within layouts/application (109.0ms)
Completed 200 OK in 119ms (Views: 117.8ms)


Started GET "/grid/image/image/4e2d86b0399c4633ba00003b/gallery_Studio.jpg" for 127.0.0.1 at 2011-12-20 18:37:11 +0000


Started GET "/grid/image/image/4e2d86e9399c4633ba000054/gallery_Kitchenette.jpg" for 127.0.0.1 at 2011-12-20 18:37:11 +0000
MONGODB bef_development['system.indexes'].insert([{:name=>"filename_1_uploadDate_-1", :ns=>"bef_development.fs.files", :key=>{"filename"=>1, "uploadDate"=>-1}}])
MONGODB bef_development['system.indexes'].insert([{:name=>"files_id_1_n_1", :ns=>"bef_development.fs.chunks", :key=>{"files_id"=>1, "n"=>1}, :unique=>true}])
MONGODB bef_development['fs.files'].find({"filename"=>"image/image/4e2d86b0399c4633ba00003b/gallery_Studio.jpg"}).limit(1).sort([["filename", 1], ["uploadDate", -1]])
MONGODB bef_development['fs.chunks'].find({"files_id"=>BSON::ObjectId('4e2ed02a399c46c243000004'), "n"=>0})


Started GET "/grid/portrait/image/4ef07778399c4627b6000001/gallery_IMG_0111.jpg" for 127.0.0.1 at 2011-12-20 18:37:11 +0000
MONGODB bef_development['system.indexes'].insert([{:name=>"filename_1_uploadDate_-1", :ns=>"bef_development.fs.files", :key=>{"filename"=>1, "uploadDate"=>-1}}])
MONGODB bef_development['system.indexes'].insert([{:name=>"files_id_1_n_1", :ns=>"bef_development.fs.chunks", :key=>{"files_id"=>1, "n"=>1}, :unique=>true}])
MONGODB bef_development['fs.files'].find({"filename"=>"image/image/4e2d86e9399c4633ba000054/gallery_Kitchenette.jpg"}).limit(1).sort([["filename", 1], ["uploadDate", -1]])
MONGODB bef_development['fs.chunks'].find({"files_id"=>BSON::ObjectId('4e2ed048399c46c24300000b'), "n"=>0})


Started GET "/grid/portrait/image/4ef075f0399c461bc6000002/gallery_Screen_shot_2011-11-01_at_3.15.22_PM.png" for 127.0.0.1 at 2011-12-20 18:37:11 +0000
MONGODB bef_development['system.indexes'].insert([{:name=>"filename_1_uploadDate_-1", :ns=>"bef_development.fs.files", :key=>{"filename"=>1, "uploadDate"=>-1}}])
MONGODB bef_development['system.indexes'].insert([{:name=>"files_id_1_n_1", :ns=>"bef_development.fs.chunks", :key=>{"files_id"=>1, "n"=>1}, :unique=>true}])
MONGODB bef_development['fs.files'].find({"filename"=>"portrait/image/4ef07778399c4627b6000001/gallery_IMG_0111.jpg"}).limit(1).sort([["filename", 1], ["uploadDate", -1]])
MONGODB bef_development['fs.chunks'].find({"files_id"=>BSON::ObjectId('4ef079e2399c4627b600002a'), "n"=>0})


Started GET "/grid/image/image/4e2d86ba399c4633ba000042/gallery_Kitchen.jpg" for 127.0.0.1 at 2011-12-20 18:37:12 +0000
MONGODB bef_development['system.indexes'].insert([{:name=>"filename_1_uploadDate_-1", :ns=>"bef_development.fs.files", :key=>{"filename"=>1, "uploadDate"=>-1}}])
MONGODB bef_development['system.indexes'].insert([{:name=>"files_id_1_n_1", :ns=>"bef_development.fs.chunks", :key=>{"files_id"=>1, "n"=>1}, :unique=>true}])
MONGODB bef_development['fs.files'].find({"filename"=>"portrait/image/4ef075f0399c461bc6000002/gallery_Screen_shot_2011-11-01_at_3.15.22_PM.png"}).limit(1).sort([["filename", 1], ["uploadDate", -1]])
MONGODB bef_development['fs.chunks'].find({"files_id"=>BSON::ObjectId('4ef079f5399c4627b600002f'), "n"=>0})
MONGODB bef_development['system.indexes'].insert([{:name=>"filename_1_uploadDate_-1", :ns=>"bef_development.fs.files", :key=>{"filename"=>1, "uploadDate"=>-1}}])
MONGODB bef_development['system.indexes'].insert([{:name=>"files_id_1_n_1", :ns=>"bef_development.fs.chunks", :key=>{"files_id"=>1, "n"=>1}, :unique=>true}])
MONGODB bef_development['fs.files'].find({"filename"=>"image/image/4e2d86ba399c4633ba000042/gallery_Kitchen.jpg"}).limit(1).sort([["filename", 1], ["uploadDate", -1]])
MONGODB bef_development['fs.chunks'].find({"files_id"=>BSON::ObjectId('4e2ed057399c46c243000012'), "n"=>0})


Started GET "/en/about" for 127.0.0.1 at 2011-12-20 18:37:25 +0000
  Processing by AboutController#index as HTML
  Parameters: {"locale"=>"en"}
MONGODB bef_development['abouts'].find({}).limit(-1)
MONGODB bef_development['images'].find({:featured=>true}).sort([:order_no, :asc])
MONGODB bef_development['$cmd'].find({"count"=>"images", "query"=>{:featured=>true}, "fields"=>nil}).limit(-1)
Rendered shared/script/_google_analytics.html.haml (1.5ms)
Rendered shared/_logo.html.haml (1.8ms)
Rendered shared/navigation/_site.html.haml (4.1ms)
MONGODB bef_development['$cmd'].find({"count"=>"portraits", "query"=>{:featured=>true}, "fields"=>nil}).limit(-1)
MONGODB bef_development['portraits'].find({:featured=>true}).sort([:order_no, :asc])
Rendered shared/footer/_admin.html.haml (2.0ms)
Rendered shared/footer/_copyright.html.haml (5.9ms)
Rendered shared/footer/_madeby.html.haml (3.0ms)
Rendered about/index.html.haml within layouts/application (51.1ms)
Completed 200 OK in 60ms (Views: 58.4ms)


Started GET "/grid/image/image/4e2d86b0399c4633ba00003b/gallery_Studio.jpg" for 127.0.0.1 at 2011-12-20 18:37:26 +0000


Started GET "/grid/image/image/4e2d86e9399c4633ba000054/gallery_Kitchenette.jpg" for 127.0.0.1 at 2011-12-20 18:37:26 +0000
MONGODB bef_development['system.indexes'].insert([{:name=>"filename_1_uploadDate_-1", :ns=>"bef_development.fs.files", :key=>{"filename"=>1, "uploadDate"=>-1}}])
MONGODB bef_development['system.indexes'].insert([{:name=>"files_id_1_n_1", :ns=>"bef_development.fs.chunks", :key=>{"files_id"=>1, "n"=>1}, :unique=>true}])
MONGODB bef_development['fs.files'].find({"filename"=>"image/image/4e2d86b0399c4633ba00003b/gallery_Studio.jpg"}).limit(1).sort([["filename", 1], ["uploadDate", -1]])
MONGODB bef_development['fs.chunks'].find({"files_id"=>BSON::ObjectId('4e2ed02a399c46c243000004'), "n"=>0})


Started GET "/grid/portrait/image/4ef075f0399c461bc6000002/gallery_Screen_shot_2011-11-01_at_3.15.22_PM.png" for 127.0.0.1 at 2011-12-20 18:37:27 +0000
MONGODB bef_development['system.indexes'].insert([{:name=>"filename_1_uploadDate_-1", :ns=>"bef_development.fs.files", :key=>{"filename"=>1, "uploadDate"=>-1}}])
MONGODB bef_development['system.indexes'].insert([{:name=>"files_id_1_n_1", :ns=>"bef_development.fs.chunks", :key=>{"files_id"=>1, "n"=>1}, :unique=>true}])
MONGODB bef_development['fs.files'].find({"filename"=>"image/image/4e2d86e9399c4633ba000054/gallery_Kitchenette.jpg"}).limit(1).sort([["filename", 1], ["uploadDate", -1]])
MONGODB bef_development['fs.chunks'].find({"files_id"=>BSON::ObjectId('4e2ed048399c46c24300000b'), "n"=>0})


Started GET "/grid/portrait/image/4ef07778399c4627b6000001/gallery_IMG_0111.jpg" for 127.0.0.1 at 2011-12-20 18:37:27 +0000
MONGODB bef_development['system.indexes'].insert([{:name=>"filename_1_uploadDate_-1", :ns=>"bef_development.fs.files", :key=>{"filename"=>1, "uploadDate"=>-1}}])
MONGODB bef_development['system.indexes'].insert([{:name=>"files_id_1_n_1", :ns=>"bef_development.fs.chunks", :key=>{"files_id"=>1, "n"=>1}, :unique=>true}])
MONGODB bef_development['fs.files'].find({"filename"=>"portrait/image/4ef075f0399c461bc6000002/gallery_Screen_shot_2011-11-01_at_3.15.22_PM.png"}).limit(1).sort([["filename", 1], ["uploadDate", -1]])
MONGODB bef_development['fs.chunks'].find({"files_id"=>BSON::ObjectId('4ef079f5399c4627b600002f'), "n"=>0})
MONGODB bef_development['system.indexes'].insert([{:name=>"filename_1_uploadDate_-1", :ns=>"bef_development.fs.files", :key=>{"filename"=>1, "uploadDate"=>-1}}])
MONGODB bef_development['system.indexes'].insert([{:name=>"files_id_1_n_1", :ns=>"bef_development.fs.chunks", :key=>{"files_id"=>1, "n"=>1}, :unique=>true}])
MONGODB bef_development['fs.files'].find({"filename"=>"portrait/image/4ef07778399c4627b6000001/gallery_IMG_0111.jpg"}).limit(1).sort([["filename", 1], ["uploadDate", -1]])
MONGODB bef_development['fs.chunks'].find({"files_id"=>BSON::ObjectId('4ef079e2399c4627b600002a'), "n"=>0})


Started GET "/grid/image/image/4e2d86ba399c4633ba000042/gallery_Kitchen.jpg" for 127.0.0.1 at 2011-12-20 18:37:27 +0000
MONGODB bef_development['system.indexes'].insert([{:name=>"filename_1_uploadDate_-1", :ns=>"bef_development.fs.files", :key=>{"filename"=>1, "uploadDate"=>-1}}])
MONGODB bef_development['system.indexes'].insert([{:name=>"files_id_1_n_1", :ns=>"bef_development.fs.chunks", :key=>{"files_id"=>1, "n"=>1}, :unique=>true}])
MONGODB bef_development['fs.files'].find({"filename"=>"image/image/4e2d86ba399c4633ba000042/gallery_Kitchen.jpg"}).limit(1).sort([["filename", 1], ["uploadDate", -1]])
MONGODB bef_development['fs.chunks'].find({"files_id"=>BSON::ObjectId('4e2ed057399c46c243000012'), "n"=>0})
